<?xml version="1.0" encoding="UTF-8"?>
<!-- Generated by org.testng.reporters.JUnitReportReporter -->
<testsuite hostname="nisal" name="com.sysco.WebAutomationAssignemnt.tests.LoginTest" tests="9" failures="0" timestamp="9 Aug 2018 17:30:17 GMT" time="45.542" errors="0">
  <testcase name="testNavigateMyAccount" time="9.883" classname="com.sysco.WebAutomationAssignemnt.tests.LoginTest"/>
  <testcase name="wrongEmailValidate" time="5.049" classname="com.sysco.WebAutomationAssignemnt.tests.LoginTest"/>
  <testcase name="wrongPasswordValidate" time="5.311" classname="com.sysco.WebAutomationAssignemnt.tests.LoginTest"/>
  <testcase name="testWrongAgeLogin" time="1.149" classname="com.sysco.WebAutomationAssignemnt.tests.LoginTest"/>
  <testcase name="testCorrectAgeLogin" time="1.094" classname="com.sysco.WebAutomationAssignemnt.tests.LoginTest"/>
  <testcase name="wrongCredentialsValidate" time="4.586" classname="com.sysco.WebAutomationAssignemnt.tests.LoginTest"/>
  <testcase name="testLogin" time="14.049" classname="com.sysco.WebAutomationAssignemnt.tests.LoginTest"/>
  <testcase name="validateUsername" time="0.071" classname="com.sysco.WebAutomationAssignemnt.tests.LoginTest"/>
  <testcase name="testAccountSignin" time="4.350" classname="com.sysco.WebAutomationAssignemnt.tests.LoginTest"/>
</testsuite> <!-- com.sysco.WebAutomationAssignemnt.tests.LoginTest -->
