<?xml version="1.0" encoding="UTF-8"?>
<!-- Generated by org.testng.reporters.JUnitReportReporter -->
<testsuite hostname="nisal" name="com.sysco.WebAutomationAssignemnt.tests.LoginTest" tests="1" failures="0" timestamp="7 Aug 2018 08:26:07 GMT" time="142.561" errors="0">
  <testcase name="testLogin" time="142.561" classname="com.sysco.WebAutomationAssignemnt.tests.LoginTest"/>
</testsuite> <!-- com.sysco.WebAutomationAssignemnt.tests.LoginTest -->
