<?xml version="1.0" encoding="UTF-8"?>
<!-- Generated by org.testng.reporters.JUnitReportReporter -->
<testsuite hostname="nisal" name="com.sysco.WebAutomationAssignemnt.tests.LoginTest" tests="10" failures="0" timestamp="9 Aug 2018 18:44:17 GMT" time="48.142" errors="0">
  <testcase name="wrongCredentialsValidate" time="4.631" classname="com.sysco.WebAutomationAssignemnt.tests.LoginTest"/>
  <testcase name="testAccountSignin" time="4.247" classname="com.sysco.WebAutomationAssignemnt.tests.LoginTest"/>
  <testcase name="testNavigateMyAccount" time="5.920" classname="com.sysco.WebAutomationAssignemnt.tests.LoginTest"/>
  <testcase name="testCorrectAgeLogin" time="1.138" classname="com.sysco.WebAutomationAssignemnt.tests.LoginTest"/>
  <testcase name="testWrongAgeLogin" time="1.177" classname="com.sysco.WebAutomationAssignemnt.tests.LoginTest"/>
  <testcase name="wrongEmailValidate" time="4.840" classname="com.sysco.WebAutomationAssignemnt.tests.LoginTest"/>
  <testcase name="testLogin" time="9.694" classname="com.sysco.WebAutomationAssignemnt.tests.LoginTest"/>
  <testcase name="validateUsername" time="0.067" classname="com.sysco.WebAutomationAssignemnt.tests.LoginTest"/>
  <testcase name="wrongPasswordValidate" time="5.066" classname="com.sysco.WebAutomationAssignemnt.tests.LoginTest"/>
  <testcase name="validateCart" time="11.362" classname="com.sysco.WebAutomationAssignemnt.tests.LoginTest"/>
</testsuite> <!-- com.sysco.WebAutomationAssignemnt.tests.LoginTest -->
